{"/Users/dream/Exercism/javascript/bird-watcher/bird-watcher.js": {"path":"/Users/dream/Exercism/javascript/bird-watcher/bird-watcher.js","statementMap":{"0":{"start":{"line":14,"column":12},"end":{"line":14,"column":13}},"1":{"start":{"line":15,"column":2},"end":{"line":17,"column":3}},"2":{"start":{"line":15,"column":15},"end":{"line":15,"column":16}},"3":{"start":{"line":16,"column":4},"end":{"line":16,"column":26}},"4":{"start":{"line":19,"column":2},"end":{"line":19,"column":13}},"5":{"start":{"line":30,"column":12},"end":{"line":30,"column":13}},"6":{"start":{"line":31,"column":19},"end":{"line":31,"column":20}},"7":{"start":{"line":32,"column":25},"end":{"line":32,"column":50}},"8":{"start":{"line":33,"column":20},"end":{"line":33,"column":63}},"9":{"start":{"line":35,"column":2},"end":{"line":35,"column":25}},"10":{"start":{"line":37,"column":2},"end":{"line":39,"column":3}},"11":{"start":{"line":37,"column":15},"end":{"line":37,"column":16}},"12":{"start":{"line":38,"column":4},"end":{"line":38,"column":24}},"13":{"start":{"line":41,"column":2},"end":{"line":41,"column":13}},"14":{"start":{"line":52,"column":2},"end":{"line":52,"column":67}}},"fnMap":{"0":{"name":"totalBirdCount","decl":{"start":{"line":13,"column":16},"end":{"line":13,"column":30}},"loc":{"start":{"line":13,"column":44},"end":{"line":20,"column":1}},"line":13},"1":{"name":"birdsInWeek","decl":{"start":{"line":29,"column":16},"end":{"line":29,"column":27}},"loc":{"start":{"line":29,"column":47},"end":{"line":42,"column":1}},"line":29},"2":{"name":"fixBirdCountLog","decl":{"start":{"line":51,"column":16},"end":{"line":51,"column":31}},"loc":{"start":{"line":51,"column":45},"end":{"line":53,"column":1}},"line":51}},"branchMap":{},"s":{"0":0,"1":0,"2":0,"3":0,"4":0,"5":4,"6":4,"7":4,"8":4,"9":4,"10":4,"11":4,"12":0,"13":4,"14":0},"f":{"0":0,"1":4,"2":0},"b":{},"_coverageSchema":"1a1c01bbd47fc00a2c39e90264f33305004495a9","hash":"31f1d149f1225d57d92a2165088e36fcb2b2218c"}
}
